<?xml version="1.0" encoding="UTF-8"?>
<!-- Generated by org.testng.reporters.JUnitReportReporter -->
<testsuite hostname="QCLAP924P663" failures="0" tests="3" name="com.testng.TestNGBasics" time="0.015" errors="0" timestamp="10 Apr 2021 16:23:13 GMT" skipped="0">
  <testcase classname="com.testng.TestNGBasics" name="searchTest" time="0.003"/>
  <testcase classname="com.testng.TestNGBasics" name="googleTitle" time="0.002"/>
  <testcase classname="com.testng.TestNGBasics" name="googleLogoTest" time="0.010"/>
</testsuite> <!-- com.testng.TestNGBasics -->
